<?xml version="1.0" encoding="UTF-8"?>
<!-- Generated by org.testng.reporters.JUnitReportReporter -->
<testsuite hostname="mmohane-mn2" name="com.walmart.assignment.ScenarioTest" tests="1" failures="0" timestamp="12 Nov 2015 23:05:27 GMT" time="305.978" errors="0">
  <testcase name="TestScenario" time="305.978" classname="com.walmart.assignment.ScenarioTest"/>
</testsuite> <!-- com.walmart.assignment.ScenarioTest -->
